#
# A fatal error has been detected by the Java Runtime Environment:
#
#  EXCEPTION_ACCESS_VIOLATION (0xc0000005) at pc=0x00007fff68652e02, pid=2144, tid=4712
#
# JRE version: Java(TM) SE Runtime Environment (8.0_20-b26) (build 1.8.0_20-b26)
# Java VM: Java HotSpot(TM) 64-Bit Server VM (25.20-b23 mixed mode windows-amd64 compressed oops)
# Problematic frame:
# C  [ntdll.dll+0x32e02]
#
# Failed to write core dump. Minidumps are not enabled by default on client versions of Windows
#
# If you would like to submit a bug report, please visit:
#   http://bugreport.sun.com/bugreport/crash.jsp
# The crash happened outside the Java Virtual Machine in native code.
# See problematic frame for where to report the bug.
#

---------------  T H R E A D  ---------------

Current thread (0x000000001a12e000):  JavaThread "Thread-2" [_thread_in_native, id=4712, stack(0x000000001aa10000,0x000000001ab10000)]

siginfo: ExceptionCode=0xc0000005, writing address 0x0000000000000024

Registers:
RAX=0x0000000000000000, RBX=0x0000000000e4bce8, RCX=0x00000000fffffffc, RDX=0x00000000000007fc
RSP=0x000000001ab0e920, RBP=0x00007ff6ceda4000, RSI=0x00000000000007fc, RDI=0x0000000000000000
R8 =0xffffffffffffffff, R9 =0x00007ff6ceda4000, R10=0x0000000000000000, R11=0x0000000000000246
R12=0x0000000000000000, R13=0x0000000000000000, R14=0x0000000000000000, R15=0x0000000000000000
RIP=0x00007fff68652e02, EFLAGS=0x0000000000010213

Top of Stack: (sp=0x000000001ab0e920)
0x000000001ab0e920:   00000000000007fc 000000001a12e000
0x000000001ab0e930:   000000001ab0ebb8 000000001503fe80
0x000000001ab0e940:   0000000000000000 000000001a12e1e8
0x000000001ab0e950:   000000001ab0ea48 000000001a12e000
0x000000001ab0e960:   0000000000000000 000000006e017b01
0x000000001ab0e970:   0000000000000058 0000000000000000
0x000000001ab0e980:   000000001a12e000 000000000000001d
0x000000001ab0e990:   000000001a12e000 0000000000000011
0x000000001ab0e9a0:   0000c3e66da9f603 000000000000000e
0x000000001ab0e9b0:   0000000000000001 00007ff6ceda4000
0x000000001ab0e9c0:   000000001503fe80 00000000ff000000
0x000000001ab0e9d0:   0000000000000000 0000000000000000
0x000000001ab0e9e0:   0000000000000004 00007fff68652803
0x000000001ab0e9f0:   000000001a12e000 000000001ab0e890
0x000000001ab0ea00:   0000000000e4bce8 000000006db879c7
0x000000001ab0ea10:   000000001ab0ebb8 0000000000000000 

Instructions: (pc=0x00007fff68652e02)
0x00007fff68652de2:   a8 01 0f 85 bd 00 00 00 8b c8 41 2b ce f0 0f b1
0x00007fff68652df2:   4b 08 75 e9 48 8b 03 45 33 f6 48 83 f8 ff 74 03
0x00007fff68652e02:   ff 40 24 41 bf 82 03 fe 7f 41 8a 0f 84 c9 0f 85
0x00007fff68652e12:   62 cb 07 00 48 83 fe ff 0f 84 b7 cb 07 00 4c 8b 


Register to memory mapping:

RAX=0x0000000000000000 is an unknown value
RBX=0x0000000000e4bce8 is an unknown value
RCX=0x00000000fffffffc is an unallocated location in the heap
RDX=0x00000000000007fc is an unknown value
RSP=0x000000001ab0e920 is pointing into the stack for thread: 0x000000001a12e000
RBP=0x00007ff6ceda4000 is an unknown value
RSI=0x00000000000007fc is an unknown value
RDI=0x0000000000000000 is an unknown value
R8 =0xffffffffffffffff is an unknown value
R9 =0x00007ff6ceda4000 is an unknown value
R10=0x0000000000000000 is an unknown value
R11=0x0000000000000246 is an unknown value
R12=0x0000000000000000 is an unknown value
R13=0x0000000000000000 is an unknown value
R14=0x0000000000000000 is an unknown value
R15=0x0000000000000000 is an unknown value


Stack: [0x000000001aa10000,0x000000001ab10000],  sp=0x000000001ab0e920,  free space=1018k
Native frames: (J=compiled Java code, j=interpreted, Vv=VM code, C=native code)
C  [ntdll.dll+0x32e02]
C  [ntdll.dll+0x32803]
C  0x00007fff5a375c48

Java frames: (J=compiled Java code, j=interpreted, Vv=VM code)
j  sun.java2d.d3d.D3DSurfaceData.initOps(III)V+0
j  sun.java2d.d3d.D3DSurfaceData.<init>(Lsun/awt/windows/WComponentPeer;Lsun/java2d/d3d/D3DGraphicsConfig;IILjava/awt/Image;Ljava/awt/image/ColorModel;IILsun/java2d/pipe/hw/ExtendedBufferCapabilities$VSyncType;I)V+76
j  sun.java2d.d3d.D3DSurfaceData.createData(Lsun/java2d/d3d/D3DGraphicsConfig;IILjava/awt/image/ColorModel;Ljava/awt/Image;I)Lsun/java2d/d3d/D3DSurfaceData;+70
j  sun.java2d.d3d.D3DGraphicsConfig.createManagedSurface(III)Lsun/java2d/SurfaceData;+10
j  sun.java2d.d3d.D3DSurfaceDataProxy.validateSurfaceData(Lsun/java2d/SurfaceData;Lsun/java2d/SurfaceData;II)Lsun/java2d/SurfaceData;+22
J 1668 C2 sun.java2d.SurfaceDataProxy.replaceData(Lsun/java2d/SurfaceData;ILsun/java2d/loops/CompositeType;Ljava/awt/Color;)Lsun/java2d/SurfaceData; (329 bytes) @ 0x0000000002d89f94 [0x0000000002d89c00+0x394]
J 1188 C2 sun.java2d.pipe.DrawImage.renderImageCopy(Lsun/java2d/SunGraphics2D;Ljava/awt/Image;Ljava/awt/Color;IIIIII)Z (147 bytes) @ 0x0000000002e0d47c [0x0000000002e0c140+0x133c]
J 1644 C2 sun.java2d.SunGraphics2D.drawImage(Ljava/awt/Image;IIIILjava/awt/image/ImageObserver;)Z (15 bytes) @ 0x0000000002b42008 [0x0000000002b41860+0x7a8]
J 1662 C2 Main.GamePanel.drawToScreen()V (28 bytes) @ 0x0000000002b41260 [0x0000000002b411e0+0x80]
j  Main.GamePanel.run()V+20
j  java.lang.Thread.run()V+11
v  ~StubRoutines::call_stub

---------------  P R O C E S S  ---------------

Java Threads: ( => current thread )
  0x000000001c277800 JavaThread "Direct Clip" daemon [_thread_blocked, id=1284, stack(0x000000001f2d0000,0x000000001f3d0000)]
  0x000000001c276800 JavaThread "Direct Clip" daemon [_thread_blocked, id=6452, stack(0x000000001f1d0000,0x000000001f2d0000)]
  0x000000001c849800 JavaThread "Direct Clip" daemon [_thread_blocked, id=2716, stack(0x000000001e8c0000,0x000000001e9c0000)]
  0x000000001cb9e800 JavaThread "Direct Clip" daemon [_thread_blocked, id=1116, stack(0x000000001e7c0000,0x000000001e8c0000)]
  0x000000001c2ef800 JavaThread "Java Sound Event Dispatcher" daemon [_thread_blocked, id=4488, stack(0x000000001e2c0000,0x000000001e3c0000)]
  0x00000000028a0800 JavaThread "DestroyJavaVM" [_thread_blocked, id=2188, stack(0x00000000027a0000,0x00000000028a0000)]
=>0x000000001a12e000 JavaThread "Thread-2" [_thread_in_native, id=4712, stack(0x000000001aa10000,0x000000001ab10000)]
  0x000000001a122000 JavaThread "AWT-EventQueue-0" [_thread_blocked, id=5660, stack(0x000000001a910000,0x000000001aa10000)]
  0x0000000017774800 JavaThread "AWT-Shutdown" [_thread_blocked, id=6948, stack(0x0000000018640000,0x0000000018740000)]
  0x0000000017772000 JavaThread "Java2D Disposer" daemon [_thread_blocked, id=5580, stack(0x0000000018540000,0x0000000018640000)]
  0x000000001749b000 JavaThread "Service Thread" daemon [_thread_blocked, id=4336, stack(0x0000000017da0000,0x0000000017ea0000)]
  0x00000000173e0800 JavaThread "C1 CompilerThread3" daemon [_thread_blocked, id=6700, stack(0x0000000017ca0000,0x0000000017da0000)]
  0x00000000173d8000 JavaThread "C2 CompilerThread2" daemon [_thread_blocked, id=3040, stack(0x0000000017ba0000,0x0000000017ca0000)]
  0x00000000173d5000 JavaThread "C2 CompilerThread1" daemon [_thread_blocked, id=5768, stack(0x0000000017aa0000,0x0000000017ba0000)]
  0x00000000173d2000 JavaThread "C2 CompilerThread0" daemon [_thread_blocked, id=4408, stack(0x00000000179a0000,0x0000000017aa0000)]
  0x00000000173d0000 JavaThread "Attach Listener" daemon [_thread_blocked, id=5468, stack(0x00000000178a0000,0x00000000179a0000)]
  0x00000000153ce800 JavaThread "Signal Dispatcher" daemon [_thread_blocked, id=928, stack(0x00000000177a0000,0x00000000178a0000)]
  0x0000000002996800 JavaThread "Finalizer" daemon [_thread_blocked, id=6336, stack(0x00000000172a0000,0x00000000173a0000)]
  0x0000000002990000 JavaThread "Reference Handler" daemon [_thread_blocked, id=5700, stack(0x00000000171a0000,0x00000000172a0000)]

Other Threads:
  0x00000000153b8800 VMThread [stack: 0x00000000170a0000,0x00000000171a0000] [id=6036]
  0x00000000174b0000 WatcherThread [stack: 0x0000000017ea0000,0x0000000017fa0000] [id=6620]

VM state:not at safepoint (normal execution)

VM Mutex/Monitor currently owned by a thread: None

Heap:
 PSYoungGen      total 107520K, used 64921K [0x00000000eb400000, 0x00000000f5700000, 0x0000000100000000)
  eden space 55296K, 55% used [0x00000000eb400000,0x00000000ed1cb5e0,0x00000000eea00000)
  from space 52224K, 65% used [0x00000000f1f80000,0x00000000f411ae70,0x00000000f5280000)
  to   space 54784K, 0% used [0x00000000eea00000,0x00000000eea00000,0x00000000f1f80000)
 ParOldGen       total 91136K, used 16656K [0x00000000c1c00000, 0x00000000c7500000, 0x00000000eb400000)
  object space 91136K, 18% used [0x00000000c1c00000,0x00000000c2c443a0,0x00000000c7500000)
 Metaspace       used 11660K, capacity 11838K, committed 12032K, reserved 1060864K
  class space    used 1352K, capacity 1411K, committed 1536K, reserved 1048576K

Card table byte_map: [0x0000000011d60000,0x0000000011f60000] byte_map_base: 0x0000000011752000

Marking Bits: (ParMarkBitMap*) 0x000000006e6ab460
 Begin Bits: [0x00000000128b0000, 0x0000000013840000)
 End Bits:   [0x0000000013840000, 0x00000000147d0000)

Polling page: 0x00000000010f0000

CodeCache: size=245760Kb used=5474Kb max_used=5947Kb free=240285Kb
 bounds [0x00000000029a0000, 0x0000000002f80000, 0x00000000119a0000]
 total_blobs=2006 nmethods=1502 adapters=417
 compilation: enabled

Compilation events (10 events):
Event: 104.895 Thread 0x00000000173d5000 1670       4       Main.GamePanel::draw (12 bytes)
Event: 104.896 Thread 0x00000000173d5000 nmethod 1670 0x0000000002ac7fd0 code [0x0000000002ac8120, 0x0000000002ac8218]
Event: 106.934 Thread 0x00000000173d2000 1672   !   4       sun.java2d.d3d.D3DScreenUpdateManager::trackScreenSurface (78 bytes)
Event: 106.934 Thread 0x00000000173d8000 1671       4       sun.java2d.d3d.D3DScreenUpdateManager::createGraphics (76 bytes)
Event: 106.934 Thread 0x00000000173d5000 1673  s    4       sun.java2d.d3d.D3DScreenUpdateManager::startUpdateThread (38 bytes)
Event: 106.940 Thread 0x00000000173d5000 nmethod 1673 0x0000000002b09e10 code [0x0000000002b09f60, 0x0000000002b0a508]
Event: 106.945 Thread 0x00000000173d2000 nmethod 1672 0x0000000002cdf050 code [0x0000000002cdf1c0, 0x0000000002cdfa48]
Event: 106.966 Thread 0x00000000173d8000 nmethod 1671 0x0000000002abd910 code [0x0000000002abdb20, 0x0000000002abec50]
Event: 298.621 Thread 0x00000000173e0800 1674       1       sun.util.locale.StringTokenIterator::isDone (5 bytes)
Event: 298.622 Thread 0x00000000173e0800 nmethod 1674 0x0000000002dd98d0 code [0x0000000002dd9a20, 0x0000000002dd9b30]

GC Heap History (10 events):
Event: 14.282 GC heap before
{Heap before GC invocations=8 (full 1):
 PSYoungGen      total 72704K, used 52930K [0x00000000eb400000, 0x00000000f2100000, 0x0000000100000000)
  eden space 34304K, 99% used [0x00000000eb400000,0x00000000ed574020,0x00000000ed580000)
  from space 38400K, 48% used [0x00000000efb00000,0x00000000f0d3c9a0,0x00000000f2080000)
  to   space 38400K, 0% used [0x00000000ed580000,0x00000000ed580000,0x00000000efb00000)
 ParOldGen       total 75264K, used 31366K [0x00000000c1c00000, 0x00000000c6580000, 0x00000000eb400000)
  object space 75264K, 41% used [0x00000000c1c00000,0x00000000c3aa1b20,0x00000000c6580000)
 Metaspace       used 11503K, capacity 11710K, committed 12032K, reserved 1060864K
  class space    used 1350K, capacity 1411K, committed 1536K, reserved 1048576K
Event: 14.314 GC heap after
Heap after GC invocations=8 (full 1):
 PSYoungGen      total 72704K, used 38186K [0x00000000eb400000, 0x00000000f4000000, 0x0000000100000000)
  eden space 34304K, 0% used [0x00000000eb400000,0x00000000eb400000,0x00000000ed580000)
  from space 38400K, 99% used [0x00000000ed580000,0x00000000efacab78,0x00000000efb00000)
  to   space 48128K, 0% used [0x00000000f1100000,0x00000000f1100000,0x00000000f4000000)
 ParOldGen       total 75264K, used 57484K [0x00000000c1c00000, 0x00000000c6580000, 0x00000000eb400000)
  object space 75264K, 76% used [0x00000000c1c00000,0x00000000c5423148,0x00000000c6580000)
 Metaspace       used 11503K, capacity 11710K, committed 12032K, reserved 1060864K
  class space    used 1350K, capacity 1411K, committed 1536K, reserved 1048576K
}
Event: 14.314 GC heap before
{Heap before GC invocations=9 (full 2):
 PSYoungGen      total 72704K, used 38186K [0x00000000eb400000, 0x00000000f4000000, 0x0000000100000000)
  eden space 34304K, 0% used [0x00000000eb400000,0x00000000eb400000,0x00000000ed580000)
  from space 38400K, 99% used [0x00000000ed580000,0x00000000efacab78,0x00000000efb00000)
  to   space 48128K, 0% used [0x00000000f1100000,0x00000000f1100000,0x00000000f4000000)
 ParOldGen       total 75264K, used 57484K [0x00000000c1c00000, 0x00000000c6580000, 0x00000000eb400000)
  object space 75264K, 76% used [0x00000000c1c00000,0x00000000c5423148,0x00000000c6580000)
 Metaspace       used 11503K, capacity 11710K, committed 12032K, reserved 1060864K
  class space    used 1350K, capacity 1411K, committed 1536K, reserved 1048576K
Event: 14.336 GC heap after
Heap after GC invocations=9 (full 2):
 PSYoungGen      total 72704K, used 0K [0x00000000eb400000, 0x00000000f4000000, 0x0000000100000000)
  eden space 34304K, 0% used [0x00000000eb400000,0x00000000eb400000,0x00000000ed580000)
  from space 38400K, 0% used [0x00000000ed580000,0x00000000ed580000,0x00000000efb00000)
  to   space 48128K, 0% used [0x00000000f1100000,0x00000000f1100000,0x00000000f4000000)
 ParOldGen       total 91136K, used 16632K [0x00000000c1c00000, 0x00000000c7500000, 0x00000000eb400000)
  object space 91136K, 18% used [0x00000000c1c00000,0x00000000c2c3e3a0,0x00000000c7500000)
 Metaspace       used 11503K, capacity 11710K, committed 12032K, reserved 1060864K
  class space    used 1350K, capacity 1411K, committed 1536K, reserved 1048576K
}
Event: 15.470 GC heap before
{Heap before GC invocations=10 (full 2):
 PSYoungGen      total 72704K, used 34301K [0x00000000eb400000, 0x00000000f4000000, 0x0000000100000000)
  eden space 34304K, 99% used [0x00000000eb400000,0x00000000ed57f710,0x00000000ed580000)
  from space 38400K, 0% used [0x00000000ed580000,0x00000000ed580000,0x00000000efb00000)
  to   space 48128K, 0% used [0x00000000f1100000,0x00000000f1100000,0x00000000f4000000)
 ParOldGen       total 91136K, used 16632K [0x00000000c1c00000, 0x00000000c7500000, 0x00000000eb400000)
  object space 91136K, 18% used [0x00000000c1c00000,0x00000000c2c3e3a0,0x00000000c7500000)
 Metaspace       used 11558K, capacity 11710K, committed 12032K, reserved 1060864K
  class space    used 1350K, capacity 1411K, committed 1536K, reserved 1048576K
Event: 15.493 GC heap after
Heap after GC invocations=10 (full 2):
 PSYoungGen      total 91648K, used 32426K [0x00000000eb400000, 0x00000000f4e80000, 0x0000000100000000)
  eden space 43520K, 0% used [0x00000000eb400000,0x00000000eb400000,0x00000000ede80000)
  from space 48128K, 67% used [0x00000000f1100000,0x00000000f30aaa20,0x00000000f4000000)
  to   space 51712K, 0% used [0x00000000ede80000,0x00000000ede80000,0x00000000f1100000)
 ParOldGen       total 91136K, used 16640K [0x00000000c1c00000, 0x00000000c7500000, 0x00000000eb400000)
  object space 91136K, 18% used [0x00000000c1c00000,0x00000000c2c403a0,0x00000000c7500000)
 Metaspace       used 11558K, capacity 11710K, committed 12032K, reserved 1060864K
  class space    used 1350K, capacity 1411K, committed 1536K, reserved 1048576K
}
Event: 19.444 GC heap before
{Heap before GC invocations=11 (full 2):
 PSYoungGen      total 91648K, used 75946K [0x00000000eb400000, 0x00000000f4e80000, 0x0000000100000000)
  eden space 43520K, 100% used [0x00000000eb400000,0x00000000ede80000,0x00000000ede80000)
  from space 48128K, 67% used [0x00000000f1100000,0x00000000f30aaa20,0x00000000f4000000)
  to   space 51712K, 0% used [0x00000000ede80000,0x00000000ede80000,0x00000000f1100000)
 ParOldGen       total 91136K, used 16640K [0x00000000c1c00000, 0x00000000c7500000, 0x00000000eb400000)
  object space 91136K, 18% used [0x00000000c1c00000,0x00000000c2c403a0,0x00000000c7500000)
 Metaspace       used 11585K, capacity 11710K, committed 12032K, reserved 1060864K
  class space    used 1350K, capacity 1411K, committed 1536K, reserved 1048576K
Event: 19.451 GC heap after
Heap after GC invocations=11 (full 2):
 PSYoungGen      total 95232K, used 28552K [0x00000000eb400000, 0x00000000f5280000, 0x0000000100000000)
  eden space 43520K, 0% used [0x00000000eb400000,0x00000000eb400000,0x00000000ede80000)
  from space 51712K, 55% used [0x00000000ede80000,0x00000000efa620e0,0x00000000f1100000)
  to   space 52224K, 0% used [0x00000000f1f80000,0x00000000f1f80000,0x00000000f5280000)
 ParOldGen       total 91136K, used 16648K [0x00000000c1c00000, 0x00000000c7500000, 0x00000000eb400000)
  object space 91136K, 18% used [0x00000000c1c00000,0x00000000c2c423a0,0x00000000c7500000)
 Metaspace       used 11585K, capacity 11710K, committed 12032K, reserved 1060864K
  class space    used 1350K, capacity 1411K, committed 1536K, reserved 1048576K
}
Event: 22.012 GC heap before
{Heap before GC invocations=12 (full 2):
 PSYoungGen      total 95232K, used 72072K [0x00000000eb400000, 0x00000000f5280000, 0x0000000100000000)
  eden space 43520K, 100% used [0x00000000eb400000,0x00000000ede80000,0x00000000ede80000)
  from space 51712K, 55% used [0x00000000ede80000,0x00000000efa620e0,0x00000000f1100000)
  to   space 52224K, 0% used [0x00000000f1f80000,0x00000000f1f80000,0x00000000f5280000)
 ParOldGen       total 91136K, used 16648K [0x00000000c1c00000, 0x00000000c7500000, 0x00000000eb400000)
  object space 91136K, 18% used [0x00000000c1c00000,0x00000000c2c423a0,0x00000000c7500000)
 Metaspace       used 11608K, capacity 11774K, committed 12032K, reserved 1060864K
  class space    used 1350K, capacity 1411K, committed 1536K, reserved 1048576K
Event: 22.029 GC heap after
Heap after GC invocations=12 (full 2):
 PSYoungGen      total 107520K, used 34411K [0x00000000eb400000, 0x00000000f5700000, 0x0000000100000000)
  eden space 55296K, 0% used [0x00000000eb400000,0x00000000eb400000,0x00000000eea00000)
  from space 52224K, 65% used [0x00000000f1f80000,0x00000000f411ae70,0x00000000f5280000)
  to   space 54784K, 0% used [0x00000000eea00000,0x00000000eea00000,0x00000000f1f80000)
 ParOldGen       total 91136K, used 16656K [0x00000000c1c00000, 0x00000000c7500000, 0x00000000eb400000)
  object space 91136K, 18% used [0x00000000c1c00000,0x00000000c2c443a0,0x00000000c7500000)
 Metaspace       used 11608K, capacity 11774K, committed 12032K, reserved 1060864K
  class space    used 1350K, capacity 1411K, committed 1536K, reserved 1048576K
}

Deoptimization events (4 events):
Event: 0.564 Thread 0x000000001a12e000 Uncommon trap: reason=unloaded action=reinterpret pc=0x0000000002baaebc method=java.lang.CharacterData.of(I)Ljava/lang/CharacterData; @ 96
Event: 2.762 Thread 0x000000001a12e000 Uncommon trap: reason=unreached action=reinterpret pc=0x0000000002daec48 method=sun.java2d.SunGraphics2D.drawImage(Ljava/awt/Image;IILjava/awt/Color;Ljava/awt/image/ImageObserver;)Z @ 1
Event: 2.793 Thread 0x000000001a12e000 Uncommon trap: reason=unreached action=reinterpret pc=0x0000000002dbafd4 method=sun.java2d.SunGraphics2D.drawImage(Ljava/awt/Image;IILjava/awt/Color;Ljava/awt/image/ImageObserver;)Z @ 1
Event: 301.933 Thread 0x000000001a12e000 Uncommon trap: reason=unloaded action=reinterpret pc=0x0000000002c1bb90 method=sun.java2d.pipe.BufferedContext.validate(Lsun/java2d/pipe/hw/AccelSurface;Lsun/java2d/pipe/hw/AccelSurface;Lsun/java2d/pipe/Region;Ljava/awt/Composite;Ljava/awt/geom/AffineTrans

Internal exceptions (10 events):
Event: 25.463 Thread 0x000000001a12e000 Implicit null exception at 0x0000000002e8d221 to 0x0000000002e8d355
Event: 25.463 Thread 0x000000001a12e000 Exception <a 'java/lang/NullPointerException'> (0x00000000ec367270) thrown at [D:\re\workspace\8-2-build-windows-amd64-cygwin\jdk8u20\1074\hotspot\src\share\vm\runtime\sharedRuntime.cpp, line 604]
Event: 25.479 Thread 0x000000001a12e000 Implicit null exception at 0x0000000002e8aa55 to 0x0000000002e8ab85
Event: 25.479 Thread 0x000000001a12e000 Exception <a 'java/lang/NullPointerException'> (0x00000000ec367600) thrown at [D:\re\workspace\8-2-build-windows-amd64-cygwin\jdk8u20\1074\hotspot\src\share\vm\runtime\sharedRuntime.cpp, line 604]
Event: 25.480 Thread 0x000000001a12e000 Implicit null exception at 0x0000000002e8d221 to 0x0000000002e8d355
Event: 25.480 Thread 0x000000001a12e000 Exception <a 'java/lang/NullPointerException'> (0x00000000ec3677b0) thrown at [D:\re\workspace\8-2-build-windows-amd64-cygwin\jdk8u20\1074\hotspot\src\share\vm\runtime\sharedRuntime.cpp, line 604]
Event: 25.496 Thread 0x000000001a12e000 Implicit null exception at 0x0000000002e8aa55 to 0x0000000002e8ab85
Event: 25.496 Thread 0x000000001a12e000 Exception <a 'java/lang/NullPointerException'> (0x00000000ec367af0) thrown at [D:\re\workspace\8-2-build-windows-amd64-cygwin\jdk8u20\1074\hotspot\src\share\vm\runtime\sharedRuntime.cpp, line 604]
Event: 25.496 Thread 0x000000001a12e000 Implicit null exception at 0x0000000002e8d221 to 0x0000000002e8d355
Event: 25.496 Thread 0x000000001a12e000 Exception <a 'java/lang/NullPointerException'> (0x00000000ec367ca0) thrown at [D:\re\workspace\8-2-build-windows-amd64-cygwin\jdk8u20\1074\hotspot\src\share\vm\runtime\sharedRuntime.cpp, line 604]

Events (10 events):
Event: 301.921 Thread 0x000000001a198000 Thread exited: 0x000000001a198000
Event: 301.921 loading class java/util/WeakHashMap$HashIterator done
Event: 301.921 loading class java/util/WeakHashMap$KeyIterator done
Event: 301.921 Thread 0x000000001a29a000 Thread exited: 0x000000001a29a000
Event: 301.921 loading class sun/java2d/pipe/hw/AccelDeviceEventNotifier
Event: 301.921 loading class sun/java2d/pipe/hw/AccelDeviceEventNotifier done
Event: 301.933 Thread 0x000000001a12e000 Uncommon trap: trap_request=0x00000070 fr.pc=0x0000000002c1bb90
Event: 301.933 Thread 0x000000001a12e000 DEOPT PACKING pc=0x0000000002c1bb90 sp=0x000000001ab0ed40
Event: 301.933 Thread 0x000000001a12e000 DEOPT UNPACKING pc=0x00000000029e556a sp=0x000000001ab0ecd0 mode 2
Event: 301.936 Thread 0x0000000017777000 Thread exited: 0x0000000017777000


Dynamic libraries:
0x00007ff6cf8f0000 - 0x00007ff6cf924000 	C:\Program Files\Java\jre1.8.0_20\bin\javaw.exe
0x00007fff68620000 - 0x00007fff687c9000 	C:\Windows\SYSTEM32\ntdll.dll
0x00007fff66600000 - 0x00007fff66739000 	C:\Windows\system32\KERNEL32.DLL
0x00007fff65da0000 - 0x00007fff65eae000 	C:\Windows\system32\KERNELBASE.dll
0x00007fff645d0000 - 0x00007fff6465b000 	C:\Windows\system32\apphelp.dll
0x00007fff596a0000 - 0x00007fff596ef000 	C:\Windows\AppPatch\AppPatch64\AcGenral.DLL
0x00007fff66140000 - 0x00007fff661e7000 	C:\Windows\system32\msvcrt.dll
0x00007fff65780000 - 0x00007fff657ab000 	C:\Windows\SYSTEM32\SspiCli.dll
0x00007fff66590000 - 0x00007fff665e1000 	C:\Windows\system32\SHLWAPI.dll
0x00007fff68160000 - 0x00007fff682d1000 	C:\Windows\system32\USER32.dll
0x00007fff66230000 - 0x00007fff663a5000 	C:\Windows\system32\ole32.dll
0x00007fff66d50000 - 0x00007fff6815d000 	C:\Windows\system32\SHELL32.dll
0x00007fff65170000 - 0x00007fff6518f000 	C:\Windows\SYSTEM32\USERENV.dll
0x00007fff68570000 - 0x00007fff68615000 	C:\Windows\system32\ADVAPI32.dll
0x00007fff5dd30000 - 0x00007fff5dd4b000 	C:\Windows\SYSTEM32\MPR.dll
0x00007fff682e0000 - 0x00007fff68416000 	C:\Windows\system32\RPCRT4.dll
0x00007fff66cf0000 - 0x00007fff66d47000 	C:\Windows\SYSTEM32\sechost.dll
0x00007fff663b0000 - 0x00007fff66587000 	C:\Windows\SYSTEM32\combase.dll
0x00007fff68420000 - 0x00007fff68565000 	C:\Windows\system32\GDI32.dll
0x00007fff659a0000 - 0x00007fff659b4000 	C:\Windows\SYSTEM32\profapi.dll
0x00007fff63ff0000 - 0x00007fff64091000 	C:\Windows\SYSTEM32\SHCORE.dll
0x00007fff661f0000 - 0x00007fff66224000 	C:\Windows\system32\IMM32.DLL
0x00007fff66750000 - 0x00007fff66889000 	C:\Windows\system32\MSCTF.dll
0x00007fff63b90000 - 0x00007fff63dea000 	C:\Windows\WinSxS\amd64_microsoft.windows.common-controls_6595b64144ccf1df_6.0.9600.16384_none_62475f7becb72503\COMCTL32.dll
0x000000006dd00000 - 0x000000006ddd2000 	C:\Program Files\Java\jre1.8.0_20\bin\msvcr100.dll
0x000000006ded0000 - 0x000000006e728000 	C:\Program Files\Java\jre1.8.0_20\bin\server\jvm.dll
0x00007fff4ff10000 - 0x00007fff4ff19000 	C:\Windows\SYSTEM32\WSOCK32.dll
0x00007fff633c0000 - 0x00007fff633df000 	C:\Windows\SYSTEM32\WINMM.dll
0x00007fff66130000 - 0x00007fff66137000 	C:\Windows\system32\PSAPI.DLL
0x00007fff65eb0000 - 0x00007fff65f08000 	C:\Windows\system32\WS2_32.dll
0x00007fff61780000 - 0x00007fff617aa000 	C:\Windows\SYSTEM32\WINMMBASE.dll
0x00007fff66740000 - 0x00007fff66749000 	C:\Windows\system32\NSI.dll
0x00007fff65c50000 - 0x00007fff65c9a000 	C:\Windows\SYSTEM32\cfgmgr32.dll
0x00007fff64830000 - 0x00007fff64856000 	C:\Windows\SYSTEM32\DEVOBJ.dll
0x000000006dec0000 - 0x000000006decf000 	C:\Program Files\Java\jre1.8.0_20\bin\verify.dll
0x000000006de90000 - 0x000000006deb8000 	C:\Program Files\Java\jre1.8.0_20\bin\java.dll
0x000000006de70000 - 0x000000006de86000 	C:\Program Files\Java\jre1.8.0_20\bin\zip.dll
0x000000006db60000 - 0x000000006dcf8000 	C:\Program Files\Java\jre1.8.0_20\bin\awt.dll
0x00007fff668f0000 - 0x00007fff669a7000 	C:\Windows\system32\OLEAUT32.dll
0x00007fff63e10000 - 0x00007fff63e31000 	C:\Windows\system32\DWMAPI.DLL
0x00007fff646f0000 - 0x00007fff64812000 	C:\Windows\system32\uxtheme.dll
0x00007fff64820000 - 0x00007fff6482a000 	C:\Windows\SYSTEM32\kernel.appcore.dll
0x00007fff65810000 - 0x00007fff6581a000 	C:\Windows\SYSTEM32\CRYPTBASE.dll
0x00007fff657b0000 - 0x00007fff6580e000 	C:\Windows\SYSTEM32\bcryptPrimitives.dll
0x000000006db10000 - 0x000000006db57000 	C:\Program Files\Java\jre1.8.0_20\bin\fontmanager.dll
0x00007fff65260000 - 0x00007fff6527e000 	C:\Windows\SYSTEM32\CRYPTSP.dll
0x00007fff64f20000 - 0x00007fff64f55000 	C:\Windows\system32\rsaenh.dll
0x00007fff65490000 - 0x00007fff654b6000 	C:\Windows\SYSTEM32\bcrypt.dll
0x000000006de50000 - 0x000000006de6a000 	C:\Program Files\Java\jre1.8.0_20\bin\net.dll
0x00007fff65200000 - 0x00007fff65258000 	C:\Windows\system32\mswsock.dll
0x00007fff5ff30000 - 0x00007fff5ff59000 	C:\Windows\SYSTEM32\IPHLPAPI.DLL
0x00007fff5fe90000 - 0x00007fff5fe9a000 	C:\Windows\SYSTEM32\WINNSI.DLL
0x00007fff60720000 - 0x00007fff60734000 	C:\Windows\SYSTEM32\dhcpcsvc6.DLL
0x00007fff5fab0000 - 0x00007fff5fac9000 	C:\Windows\SYSTEM32\dhcpcsvc.DLL
0x000000006de30000 - 0x000000006de41000 	C:\Program Files\Java\jre1.8.0_20\bin\nio.dll
0x000000006dad0000 - 0x000000006db01000 	C:\Program Files\Java\jre1.8.0_20\bin\jpeg.dll
0x000000006da90000 - 0x000000006dacc000 	C:\Program Files\Java\jre1.8.0_20\bin\lcms.dll
0x000000006da40000 - 0x000000006da81000 	C:\Program Files\Java\jre1.8.0_20\bin\t2k.dll
0x000000006da30000 - 0x000000006da3c000 	C:\Program Files\Java\jre1.8.0_20\bin\jsound.dll
0x000000006da20000 - 0x000000006da2b000 	C:\Program Files\Java\jre1.8.0_20\bin\jsoundds.dll
0x00007fff56ea0000 - 0x00007fff56f27000 	C:\Windows\SYSTEM32\DSOUND.dll
0x00007fff65940000 - 0x00007fff65985000 	C:\Windows\SYSTEM32\POWRPROF.dll
0x00007fff635e0000 - 0x00007fff63641000 	C:\Windows\SYSTEM32\MMDevAPI.DLL
0x00007fff5c930000 - 0x00007fff5c96c000 	C:\Windows\SYSTEM32\wdmaud.drv
0x00007fff5e5a0000 - 0x00007fff5e5a8000 	C:\Windows\SYSTEM32\ksuser.dll
0x00007fff63b80000 - 0x00007fff63b8b000 	C:\Windows\SYSTEM32\AVRT.dll
0x00007fff5b820000 - 0x00007fff5b896000 	C:\Windows\SYSTEM32\AUDIOSES.DLL
0x00007fff5e590000 - 0x00007fff5e59b000 	C:\Windows\SYSTEM32\msacm32.drv
0x00007fff5c9f0000 - 0x00007fff5ca0b000 	C:\Windows\SYSTEM32\MSACM32.dll
0x00007fff5c920000 - 0x00007fff5c92a000 	C:\Windows\SYSTEM32\midimap.dll
0x00007fff66c30000 - 0x00007fff66cd4000 	C:\Windows\SYSTEM32\clbcatq.dll
0x00007fff56cf0000 - 0x00007fff56e78000 	C:\Windows\SYSTEM32\dbghelp.dll

VM Arguments:
jvm_args: -Dfile.encoding=MS874 
java_command: Main.Game
java_class_path (initial): C:\Users\Neotong\Desktop\JAVAProjectE\JAVAProjectE\bin;C:\Users\Neotong\Desktop\JAVAProjectE\JAVAProjectE\Libs\jl1.0.1.jar;C:\Users\Neotong\Desktop\JAVAProjectE\JAVAProjectE\Libs\mp3spi1.9.5.jar;C:\Users\Neotong\Desktop\JAVAProjectE\JAVAProjectE\Libs\tritonus_share.jar
Launcher Type: SUN_STANDARD

Environment Variables:
PATH=C:/Program Files/Java/jre1.8.0_20/bin/server;C:/Program Files/Java/jre1.8.0_20/bin;C:/Program Files/Java/jre1.8.0_20/lib/amd64;C:\Program Files (x86)\NVIDIA Corporation\PhysX\Common;C:\ProgramData\Oracle\Java\javapath;C:\Program Files (x86)\Intel\iCLS Client\;C:\Program Files\Intel\iCLS Client\;C:\Windows\system32;C:\Windows;C:\Windows\System32\Wbem;C:\Windows\System32\WindowsPowerShell\v1.0\;C:\Program Files\Intel\Intel(R) Management Engine Components\DAL;C:\Program Files\Intel\Intel(R) Management Engine Components\IPT;C:\Program Files (x86)\Intel\Intel(R) Management Engine Components\DAL;C:\Program Files (x86)\Intel\Intel(R) Management Engine Components\IPT;C:\Users\Neotong\Desktop\Neo\Program\eclipse;
USERNAME=Neotong
OS=Windows_NT
PROCESSOR_IDENTIFIER=Intel64 Family 6 Model 60 Stepping 3, GenuineIntel



---------------  S Y S T E M  ---------------

OS: Windows 8.1 , 64 bit Build 9600 

CPU:total 8 (4 cores per cpu, 2 threads per core) family 6 model 60 stepping 3, cmov, cx8, fxsr, mmx, sse, sse2, sse3, ssse3, sse4.1, sse4.2, popcnt, avx, avx2, aes, clmul, erms, lzcnt, ht, tsc, tscinvbit, bmi1, bmi2

Memory: 4k page, physical 4072404k(645936k free), swap 5519168k(1558000k free)

vm_info: Java HotSpot(TM) 64-Bit Server VM (25.20-b23) for windows-amd64 JRE (1.8.0_20-b26), built on Jul 30 2014 13:51:23 by "java_re" with MS VC++ 10.0 (VS2010)

time: Thu Nov 20 13:09:11 2014
elapsed time: 302 seconds (0d 0h 5m 2s)

